  Graph.cpp
D:\APCS\CS163\cpp-visualizer\Data-Visualization\src\DataStructures\Graph\Graph.cpp(2,17): warning C4244: 'initializing': conversion from 'double' to 'int', possible loss of data
D:\APCS\CS163\cpp-visualizer\Data-Visualization\src\DataStructures\Graph\Graph.cpp(12,25): warning C4267: 'return': conversion from 'size_t' to 'int', possible loss of data
D:\APCS\CS163\cpp-visualizer\Data-Visualization\src\DataStructures\Graph\Graph.cpp(100,17): warning C4244: 'initializing': conversion from 'int' to 'float', possible loss of data
D:\APCS\CS163\cpp-visualizer\Data-Visualization\src\DataStructures\Graph\Graph.cpp(101,17): warning C4244: 'initializing': conversion from 'int' to 'float', possible loss of data
D:\APCS\CS163\cpp-visualizer\Data-Visualization\src\DataStructures\Graph\Graph.cpp(192,72): warning C4244: 'argument': conversion from 'float' to 'int', possible loss of data
D:\APCS\CS163\cpp-visualizer\Data-Visualization\src\DataStructures\Graph\Graph.cpp(192,60): warning C4244: 'argument': conversion from 'float' to 'int', possible loss of data
D:\APCS\CS163\cpp-visualizer\Data-Visualization\src\DataStructures\Graph\Graph.cpp(202,66): warning C4244: 'argument': conversion from 'float' to 'int', possible loss of data
D:\APCS\CS163\cpp-visualizer\Data-Visualization\src\DataStructures\Graph\Graph.cpp(202,54): warning C4244: 'argument': conversion from 'float' to 'int', possible loss of data
D:\APCS\CS163\cpp-visualizer\Data-Visualization\src\DataStructures\Graph\Graph.cpp(231,80): warning C4244: 'argument': conversion from 'float' to 'int', possible loss of data
D:\APCS\CS163\cpp-visualizer\Data-Visualization\src\DataStructures\Graph\Graph.cpp(231,68): warning C4244: 'argument': conversion from 'float' to 'int', possible loss of data
D:\APCS\CS163\cpp-visualizer\Data-Visualization\src\DataStructures\Graph\Graph.cpp(235,83): warning C4244: 'argument': conversion from 'float' to 'int', possible loss of data
D:\APCS\CS163\cpp-visualizer\Data-Visualization\src\DataStructures\Graph\Graph.cpp(235,62): warning C4244: 'argument': conversion from 'float' to 'int', possible loss of data
D:\APCS\CS163\cpp-visualizer\Data-Visualization\src\DataStructures\Graph\Graph.cpp(270,68): warning C4244: 'argument': conversion from 'float' to 'int', possible loss of data
D:\APCS\CS163\cpp-visualizer\Data-Visualization\src\DataStructures\Graph\Graph.cpp(270,56): warning C4244: 'argument': conversion from 'float' to 'int', possible loss of data
D:\APCS\CS163\cpp-visualizer\Data-Visualization\src\DataStructures\Graph\Graph.cpp(279,66): warning C4244: 'argument': conversion from 'float' to 'int', possible loss of data
D:\APCS\CS163\cpp-visualizer\Data-Visualization\src\DataStructures\Graph\Graph.cpp(279,54): warning C4244: 'argument': conversion from 'float' to 'int', possible loss of data
  GraphState.cpp
  Generating Code...
  src.vcxproj -> D:\APCS\CS163\cpp-visualizer\Data-Visualization\x64\Debug\src.exe
  'pwsh.exe' is not recognized as an internal or external command,
  operable program or batch file.
